<?xml version="1.0" encoding="UTF-8"?>
<!-- Generated by org.testng.reporters.JUnitReportReporter -->
<testsuite hostname="MacBook-Pro-de-Jose.local" failures="0" tests="4" name="airlines.AirlinesTest" time="3.772" errors="0" timestamp="2022-03-10T14:49:13 CST" skipped="3">
  <testcase classname="airlines.AirlinesTest" name="endToEnd" time="3.772"/>
  <system-out/>
  <testcase classname="airlines.AirlinesTest" name="createAirline">
    <skipped/>
  </testcase> <!-- createAirline -->
  <system-out/>
  <testcase classname="airlines.AirlinesTest" name="getAirline">
    <skipped/>
  </testcase> <!-- getAirline -->
  <system-out/>
  <testcase classname="airlines.AirlinesTest" name="getAirlines">
    <skipped/>
  </testcase> <!-- getAirlines -->
  <system-out/>
</testsuite> <!-- airlines.AirlinesTest -->
