<?xml version="1.0" encoding="UTF-8"?>
<!-- Generated by org.testng.reporters.JUnitReportReporter -->
<testsuite hostname="MacBook-Pro-de-Jose.local" failures="0" tests="1" name="books.SimpleBooks" time="1.655" errors="0" timestamp="2022-03-15T23:11:05 CST" skipped="0">
  <testcase classname="books.SimpleBooks" name="showOrders" time="1.655"/>
  <system-out/>
</testsuite> <!-- books.SimpleBooks -->
